<?xml version="1.0" encoding="UTF-8"?>
<testng-results ignored="0" total="1" passed="1" failed="0" skipped="0">
  <reporter-output>
  </reporter-output>
  <suite started-at="2023-11-22T20:11:23 IST" name="Default suite" finished-at="2023-11-22T20:11:44 IST" duration-ms="21724">
    <groups>
    </groups>
    <test started-at="2023-11-22T20:11:23 IST" name="Default test" finished-at="2023-11-22T20:11:44 IST" duration-ms="21724">
      <class name="tests.CustomersTestPage">
        <test-method is-config="true" signature="Browser()[pri:0, instance:tests.CustomersTestPage@57d7f8ca]" started-at="2023-11-22T20:11:23 IST" name="Browser" finished-at="2023-11-22T20:11:36 IST" duration-ms="13492" status="PASS">
          <reporter-output>
          </reporter-output>
        </test-method> <!-- Browser -->
        <test-method signature="runCustomersPage()[pri:0, instance:tests.CustomersTestPage@57d7f8ca]" started-at="2023-11-22T20:11:36 IST" name="runCustomersPage" finished-at="2023-11-22T20:11:44 IST" duration-ms="8203" status="PASS">
          <reporter-output>
          </reporter-output>
        </test-method> <!-- runCustomersPage -->
      </class> <!-- tests.CustomersTestPage -->
    </test> <!-- Default test -->
  </suite> <!-- Default suite -->
</testng-results>
